{
  "stats": {
    "suites": 1,
    "tests": 6,
    "passes": 3,
    "pending": 0,
    "failures": 3,
    "start": "2025-04-08T02:05:17.320Z",
    "end": "2025-04-08T02:05:20.750Z",
    "duration": 3430,
    "testsRegistered": 6,
    "passPercent": 50,
    "pendingPercent": 0,
    "other": 0,
    "hasOther": false,
    "skipped": 0,
    "hasSkipped": false
  },
  "results": [
    {
      "uuid": "532ad269-f716-4b52-a428-ffb81a8417a2",
      "title": "",
      "fullFile": "cypress\\e2e\\Trello\\testAPI.api.cy.js",
      "file": "cypress\\e2e\\Trello\\testAPI.api.cy.js",
      "beforeHooks": [],
      "afterHooks": [],
      "tests": [],
      "suites": [
        {
          "uuid": "c3ef8874-c672-4e51-bf8e-7c7ce86e1863",
          "title": "API Tests",
          "fullFile": "",
          "file": "",
          "beforeHooks": [],
          "afterHooks": [],
          "tests": [
            {
              "title": "TC1: REQUEST de Método GET a la API de TRELLO para OBTENER CARD1",
              "fullTitle": "API Tests TC1: REQUEST de Método GET a la API de TRELLO para OBTENER CARD1",
              "timedOut": null,
              "duration": 21,
              "state": "failed",
              "speed": null,
              "pass": false,
              "fail": true,
              "pending": false,
              "context": null,
              "code": "cy.api({\n  method: 'GET',\n  url: 'https://api.trello.com/1/cards/' + card1,\n  qs: {\n    key: key,\n    token: token\n  }\n}).then(response => {\n  expect(response).to.be.an('object');\n  expect(response.status).to.eql(200);\n});",
              "err": {
                "message": "TypeError: cy.api is not a function",
                "estack": "TypeError: cy.api is not a function\n    at Context.eval (webpack://ProyectoAPI/./cypress/e2e/Trello/testAPI.api.cy.js:18:15)",
                "diff": null
              },
              "uuid": "eb865a65-ae9d-48e4-b887-51d05dc908e4",
              "parentUUID": "c3ef8874-c672-4e51-bf8e-7c7ce86e1863",
              "isHook": false,
              "skipped": false
            },
            {
              "title": "TC2: REQUEST de Método GET a la API de TRELLO para OBTENER CARD2",
              "fullTitle": "API Tests TC2: REQUEST de Método GET a la API de TRELLO para OBTENER CARD2",
              "timedOut": null,
              "duration": 1001,
              "state": "passed",
              "speed": "fast",
              "pass": true,
              "fail": false,
              "pending": false,
              "context": null,
              "code": "cy.request({\n  method: 'GET',\n  url: 'https://api.trello.com/1/cards/' + card2,\n  qs: {\n    key: key,\n    token: token\n  }\n}).then(response => {\n  expect(response).to.be.an('object');\n  expect(response.status).to.eql(200);\n});",
              "err": {},
              "uuid": "2219494c-1e90-4a4c-b300-873b76610532",
              "parentUUID": "c3ef8874-c672-4e51-bf8e-7c7ce86e1863",
              "isHook": false,
              "skipped": false
            },
            {
              "title": "TC3: REQUEST de Método POST a la API de TRELLO para CREAR UNA SEGUNDA CARD",
              "fullTitle": "API Tests TC3: REQUEST de Método POST a la API de TRELLO para CREAR UNA SEGUNDA CARD",
              "timedOut": null,
              "duration": 634,
              "state": "passed",
              "speed": "fast",
              "pass": true,
              "fail": false,
              "pending": false,
              "context": null,
              "code": "cy.request({\n  method: 'POST',\n  url: 'https://api.trello.com/1/cards',\n  qs: {\n    key: key,\n    token: token,\n    idList: listA,\n    name: 'Nueva tarjeta : Metodo POST ✅'\n  }\n}).then(response => {\n  expect(response).to.be.an('object');\n  expect(response.status).to.eql(200);\n  expect(response.body.name).to.eql('Nueva tarjeta : Metodo POST ✅');\n  cardID = response.body.id;\n});",
              "err": {},
              "uuid": "61bc154c-dad1-493e-843c-895b62189625",
              "parentUUID": "c3ef8874-c672-4e51-bf8e-7c7ce86e1863",
              "isHook": false,
              "skipped": false
            },
            {
              "title": "TC4: REQUEST de Método POST a la API de TRELLO para CREAR UNA TERCERA CARD",
              "fullTitle": "API Tests TC4: REQUEST de Método POST a la API de TRELLO para CREAR UNA TERCERA CARD",
              "timedOut": null,
              "duration": 560,
              "state": "passed",
              "speed": "fast",
              "pass": true,
              "fail": false,
              "pending": false,
              "context": null,
              "code": "cy.request({\n  method: 'POST',\n  url: 'https://api.trello.com/1/cards',\n  qs: {\n    key: key,\n    token: token,\n    idList: listA,\n    name: 'Validaciones Exitosas : Metodo GET ✅'\n  }\n}).then(response => {\n  expect(response).to.be.an('object');\n  expect(response.status).to.eql(200);\n  expect(response.body.name).to.eql('Validaciones Exitosas : Metodo GET ✅');\n  cardID = response.body.id;\n});",
              "err": {},
              "uuid": "38fc5768-3589-42a0-9f76-e58ce0b0faac",
              "parentUUID": "c3ef8874-c672-4e51-bf8e-7c7ce86e1863",
              "isHook": false,
              "skipped": false
            },
            {
              "title": "TC5: REQUEST de Método PUT a la API de TRELLO para EDITAR CARD1",
              "fullTitle": "API Tests TC5: REQUEST de Método PUT a la API de TRELLO para EDITAR CARD1",
              "timedOut": null,
              "duration": 578,
              "state": "failed",
              "speed": null,
              "pass": false,
              "fail": true,
              "pending": false,
              "context": null,
              "code": "cy.request({\n  method: 'PUT',\n  url: 'https://api.trello.com/1/cards/' + card4,\n  qs: {\n    key: key,\n    token: token,\n    name: 'Tarjeta Editada: Metodo PUT ✅',\n    desc: 'Esto es una descripción para editar la Card previamente creada'\n  },\n  body: {\n    cover: {\n      color: 'yellow',\n      brightness: 'dark',\n      size: 'full'\n    }\n  }\n}).then(({\n  body\n}) => {\n  expect(body).to.be.an('object');\n  expect(body.id).to.eql(card4);\n  expect(body.name).to.eql('Tarjeta Editada: Metodo PUT ✅');\n  expect(body.desc).to.include('Esto es una descripción');\n  expect(body.cover).to.be.an('object').and.to.include({\n    color: 'green'\n  });\n});",
              "err": {
                "message": "AssertionError: expected { Object (idAttachment, color, ...) } to have property 'color' of 'green', but got 'yellow'",
                "estack": "AssertionError: expected { Object (idAttachment, color, ...) } to have property 'color' of 'green', but got 'yellow'\n    at Context.eval (webpack://ProyectoAPI/./cypress/e2e/Trello/testAPI.api.cy.js:115:69)",
                "diff": "- 'yellow'\n+ 'green'\n"
              },
              "uuid": "6abf3d5f-6493-466c-b9fd-4d11cfd63c02",
              "parentUUID": "c3ef8874-c672-4e51-bf8e-7c7ce86e1863",
              "isHook": false,
              "skipped": false
            },
            {
              "title": "TC6: REQUEST de Método DELETE a la API de TRELLO para ELIMINAR CARD2",
              "fullTitle": "API Tests TC6: REQUEST de Método DELETE a la API de TRELLO para ELIMINAR CARD2",
              "timedOut": null,
              "duration": 374,
              "state": "failed",
              "speed": null,
              "pass": false,
              "fail": true,
              "pending": false,
              "context": null,
              "code": "cy.request({\n  method: 'DELETE',\n  url: 'https://api.trello.com/1/cards/' + card3,\n  qs: {\n    key: key,\n    token: token\n  }\n}).then(response => {\n  expect(response.body.limits).to.be.empty;\n  expect(response.status).to.eql(200);\n});",
              "err": {
                "message": "CypressError: `cy.request()` failed on:\n\nhttps://api.trello.com/1/cards/67e374046f3c878317e23d28?key=8debb4f15c5425eb56779ba7be2e67ef&token=ATTA4fbd5476ee500f59c17e42cf03e1a74228448fc95210fe5db94d12e2eb06149a8390DF71\n\nThe response we received from your web server was:\n\n  > 404: Not Found\n\nThis was considered a failure because the status code was not `2xx` or `3xx`.\n\nIf you do not want status codes to cause failures pass the option: `failOnStatusCode: false`\n\n-----------------------------------------------------------\n\nThe request we sent was:\n\nMethod: DELETE\nURL: https://api.trello.com/1/cards/67e374046f3c878317e23d28?key=8debb4f15c5425eb56779ba7be2e67ef&token=ATTA4fbd5476ee500f59c17e42cf03e1a74228448fc95210fe5db94d12e2eb06149a8390DF71\nHeaders: {\n  \"Connection\": \"keep-alive\",\n  \"user-agent\": \"Mozilla/5.0 (Windows NT 10.0; Win64; x64) AppleWebKit/537.36 (KHTML, like Gecko) Cypress/13.17.0 Chrome/118.0.5993.159 Electron/27.3.10 Safari/537.36\",\n  \"accept\": \"*/*\",\n  \"accept-encoding\": \"gzip, deflate\",\n  \"content-length\": 0\n}\n\n-----------------------------------------------------------\n\nThe response we got was:\n\nStatus: 404 - Not Found\nHeaders: {\n  \"content-type\": \"text/plain; charset=utf-8\",\n  \"content-length\": \"37\",\n  \"connection\": \"keep-alive\",\n  \"date\": \"Tue, 08 Apr 2025 02:05:21 GMT\",\n  \"referrer-policy\": \"strict-origin-when-cross-origin\",\n  \"x-dns-prefetch-control\": \"off\",\n  \"x-download-options\": \"noopen\",\n  \"x-frame-options\": \"DENY\",\n  \"x-permitted-cross-domain-policies\": \"none\",\n  \"surrogate-control\": \"no-store\",\n  \"cache-control\": \"no-store, no-cache, must-revalidate, proxy-revalidate\",\n  \"expires\": \"0\",\n  \"x-trello-version\": \"1.341914.0\",\n  \"x-trello-environment\": \"Production\",\n  \"access-control-allow-origin\": \"*\",\n  \"access-control-allow-methods\": \"GET, PUT, POST, DELETE\",\n  \"access-control-allow-headers\": \"Authorization, Accept, Content-Type\",\n  \"access-control-expose-headers\": \"x-rate-limit-api-key-interval-ms, x-rate-limit-api-key-max, x-rate-limit-api-key-remaining, x-rate-limit-api-token-interval-ms, x-rate-limit-api-token-max, x-rate-limit-api-token-remaining, retry-after\",\n  \"x-rate-limit-api-token-interval-ms\": \"10000\",\n  \"x-rate-limit-api-token-max\": \"100\",\n  \"x-rate-limit-api-token-remaining\": \"97\",\n  \"x-rate-limit-db-query-time-interval-ms\": \"600000\",\n  \"x-rate-limit-db-query-time-max\": \"7200000\",\n  \"x-rate-limit-db-query-time-remaining\": \"7199990\",\n  \"x-rate-limit-api-key-interval-ms\": \"10000\",\n  \"x-rate-limit-api-key-max\": \"300\",\n  \"x-rate-limit-api-key-remaining\": \"297\",\n  \"x-rate-limit-member-interval-ms\": \"10000\",\n  \"x-rate-limit-member-max\": \"375\",\n  \"x-rate-limit-member-remaining\": \"372\",\n  \"server\": \"AtlassianEdge\",\n  \"x-content-type-options\": \"nosniff\",\n  \"x-xss-protection\": \"1; mode=block\",\n  \"atl-traceid\": \"492fd823548c43c78811735ce3bac455\",\n  \"atl-request-id\": \"492fd823-548c-43c7-8811-735ce3bac455\",\n  \"strict-transport-security\": \"max-age=63072000; preload\",\n  \"report-to\": \"{\\\"endpoints\\\": [{\\\"url\\\": \\\"https://dz8aopenkvv6s.cloudfront.net\\\"}], \\\"group\\\": \\\"endpoint-1\\\", \\\"include_subdomains\\\": true, \\\"max_age\\\": 600}\",\n  \"nel\": \"{\\\"failure_fraction\\\": 0.001, \\\"include_subdomains\\\": true, \\\"max_age\\\": 600, \\\"report_to\\\": \\\"endpoint-1\\\"}\",\n  \"server-timing\": \"atl-edge;dur=54,atl-edge-internal;dur=4,atl-edge-upstream;dur=51,atl-edge-pop;desc=\\\"aws-us-east-1\\\"\",\n  \"x-cache\": \"Error from cloudfront\",\n  \"via\": \"1.1 7e4ac70c007f1c5bd8d4d7848e401ec6.cloudfront.net (CloudFront)\",\n  \"x-amz-cf-pop\": \"EZE50-P3\",\n  \"x-amz-cf-id\": \"DmOm9z3WJ0tacfHJsqnu9WupXetic3M2jfe-TdYKEP2lyGdU1me7fQ==\"\n}\nBody: The requested resource was not found.\n\n\nhttps://on.cypress.io/request",
                "estack": "CypressError: `cy.request()` failed on:\n\nhttps://api.trello.com/1/cards/67e374046f3c878317e23d28?key=8debb4f15c5425eb56779ba7be2e67ef&token=ATTA4fbd5476ee500f59c17e42cf03e1a74228448fc95210fe5db94d12e2eb06149a8390DF71\n\nThe response we received from your web server was:\n\n  > 404: Not Found\n\nThis was considered a failure because the status code was not `2xx` or `3xx`.\n\nIf you do not want status codes to cause failures pass the option: `failOnStatusCode: false`\n\n-----------------------------------------------------------\n\nThe request we sent was:\n\nMethod: DELETE\nURL: https://api.trello.com/1/cards/67e374046f3c878317e23d28?key=8debb4f15c5425eb56779ba7be2e67ef&token=ATTA4fbd5476ee500f59c17e42cf03e1a74228448fc95210fe5db94d12e2eb06149a8390DF71\nHeaders: {\n  \"Connection\": \"keep-alive\",\n  \"user-agent\": \"Mozilla/5.0 (Windows NT 10.0; Win64; x64) AppleWebKit/537.36 (KHTML, like Gecko) Cypress/13.17.0 Chrome/118.0.5993.159 Electron/27.3.10 Safari/537.36\",\n  \"accept\": \"*/*\",\n  \"accept-encoding\": \"gzip, deflate\",\n  \"content-length\": 0\n}\n\n-----------------------------------------------------------\n\nThe response we got was:\n\nStatus: 404 - Not Found\nHeaders: {\n  \"content-type\": \"text/plain; charset=utf-8\",\n  \"content-length\": \"37\",\n  \"connection\": \"keep-alive\",\n  \"date\": \"Tue, 08 Apr 2025 02:05:21 GMT\",\n  \"referrer-policy\": \"strict-origin-when-cross-origin\",\n  \"x-dns-prefetch-control\": \"off\",\n  \"x-download-options\": \"noopen\",\n  \"x-frame-options\": \"DENY\",\n  \"x-permitted-cross-domain-policies\": \"none\",\n  \"surrogate-control\": \"no-store\",\n  \"cache-control\": \"no-store, no-cache, must-revalidate, proxy-revalidate\",\n  \"expires\": \"0\",\n  \"x-trello-version\": \"1.341914.0\",\n  \"x-trello-environment\": \"Production\",\n  \"access-control-allow-origin\": \"*\",\n  \"access-control-allow-methods\": \"GET, PUT, POST, DELETE\",\n  \"access-control-allow-headers\": \"Authorization, Accept, Content-Type\",\n  \"access-control-expose-headers\": \"x-rate-limit-api-key-interval-ms, x-rate-limit-api-key-max, x-rate-limit-api-key-remaining, x-rate-limit-api-token-interval-ms, x-rate-limit-api-token-max, x-rate-limit-api-token-remaining, retry-after\",\n  \"x-rate-limit-api-token-interval-ms\": \"10000\",\n  \"x-rate-limit-api-token-max\": \"100\",\n  \"x-rate-limit-api-token-remaining\": \"97\",\n  \"x-rate-limit-db-query-time-interval-ms\": \"600000\",\n  \"x-rate-limit-db-query-time-max\": \"7200000\",\n  \"x-rate-limit-db-query-time-remaining\": \"7199990\",\n  \"x-rate-limit-api-key-interval-ms\": \"10000\",\n  \"x-rate-limit-api-key-max\": \"300\",\n  \"x-rate-limit-api-key-remaining\": \"297\",\n  \"x-rate-limit-member-interval-ms\": \"10000\",\n  \"x-rate-limit-member-max\": \"375\",\n  \"x-rate-limit-member-remaining\": \"372\",\n  \"server\": \"AtlassianEdge\",\n  \"x-content-type-options\": \"nosniff\",\n  \"x-xss-protection\": \"1; mode=block\",\n  \"atl-traceid\": \"492fd823548c43c78811735ce3bac455\",\n  \"atl-request-id\": \"492fd823-548c-43c7-8811-735ce3bac455\",\n  \"strict-transport-security\": \"max-age=63072000; preload\",\n  \"report-to\": \"{\\\"endpoints\\\": [{\\\"url\\\": \\\"https://dz8aopenkvv6s.cloudfront.net\\\"}], \\\"group\\\": \\\"endpoint-1\\\", \\\"include_subdomains\\\": true, \\\"max_age\\\": 600}\",\n  \"nel\": \"{\\\"failure_fraction\\\": 0.001, \\\"include_subdomains\\\": true, \\\"max_age\\\": 600, \\\"report_to\\\": \\\"endpoint-1\\\"}\",\n  \"server-timing\": \"atl-edge;dur=54,atl-edge-internal;dur=4,atl-edge-upstream;dur=51,atl-edge-pop;desc=\\\"aws-us-east-1\\\"\",\n  \"x-cache\": \"Error from cloudfront\",\n  \"via\": \"1.1 7e4ac70c007f1c5bd8d4d7848e401ec6.cloudfront.net (CloudFront)\",\n  \"x-amz-cf-pop\": \"EZE50-P3\",\n  \"x-amz-cf-id\": \"DmOm9z3WJ0tacfHJsqnu9WupXetic3M2jfe-TdYKEP2lyGdU1me7fQ==\"\n}\nBody: The requested resource was not found.\n\n\nhttps://on.cypress.io/request\n    at <unknown> (http://localhost:50404/__cypress/runner/cypress_runner.js:132876:72)\n    at tryCatcher (http://localhost:50404/__cypress/runner/cypress_runner.js:1830:23)\n    at Promise._settlePromiseFromHandler (http://localhost:50404/__cypress/runner/cypress_runner.js:1542:31)\n    at Promise._settlePromise (http://localhost:50404/__cypress/runner/cypress_runner.js:1599:18)\n    at Promise._settlePromise0 (http://localhost:50404/__cypress/runner/cypress_runner.js:1644:10)\n    at Promise._settlePromises (http://localhost:50404/__cypress/runner/cypress_runner.js:1724:18)\n    at _drainQueueStep (http://localhost:50404/__cypress/runner/cypress_runner.js:2430:12)\n    at _drainQueue (http://localhost:50404/__cypress/runner/cypress_runner.js:2423:9)\n    at Async._drainQueues (http://localhost:50404/__cypress/runner/cypress_runner.js:2439:5)\n    at Async.drainQueues (http://localhost:50404/__cypress/runner/cypress_runner.js:2309:14)\nFrom Your Spec Code:\n    at Context.eval (webpack://ProyectoAPI/./cypress/e2e/Trello/testAPI.api.cy.js:121:19)",
                "diff": null
              },
              "uuid": "063a4120-19e6-4eb9-b5b0-2fa0ca8f6fb9",
              "parentUUID": "c3ef8874-c672-4e51-bf8e-7c7ce86e1863",
              "isHook": false,
              "skipped": false
            }
          ],
          "suites": [],
          "passes": [
            "2219494c-1e90-4a4c-b300-873b76610532",
            "61bc154c-dad1-493e-843c-895b62189625",
            "38fc5768-3589-42a0-9f76-e58ce0b0faac"
          ],
          "failures": [
            "eb865a65-ae9d-48e4-b887-51d05dc908e4",
            "6abf3d5f-6493-466c-b9fd-4d11cfd63c02",
            "063a4120-19e6-4eb9-b5b0-2fa0ca8f6fb9"
          ],
          "pending": [],
          "skipped": [],
          "duration": 3168,
          "root": false,
          "rootEmpty": false,
          "_timeout": 2000
        }
      ],
      "passes": [],
      "failures": [],
      "pending": [],
      "skipped": [],
      "duration": 0,
      "root": true,
      "rootEmpty": true,
      "_timeout": 2000
    }
  ],
  "meta": {
    "mocha": {
      "version": "7.0.1"
    },
    "mochawesome": {
      "options": {
        "quiet": false,
        "reportFilename": "mochawesome",
        "saveHtml": true,
        "saveJson": true,
        "consoleReporter": "spec",
        "useInlineDiffs": false,
        "code": true
      },
      "version": "7.1.3"
    },
    "marge": {
      "options": {
        "id": "default",
        "reportDir": "cypress/test_results/mocha",
        "overwrite": false,
        "html": true,
        "json": true
      },
      "version": "6.2.0"
    }
  }
}